#0 building with "desktop-linux" instance using docker driver

#1 [internal] load build definition from Dockerfile.fast
#1 transferring dockerfile:
#1 transferring dockerfile: 516B 0.2s done
#1 DONE 2.7s

#2 [internal] load metadata for docker.io/library/eclipse-temurin:23-jre-alpine
#2 DONE 4.1s

#3 [internal] load .dockerignore
#3 transferring context:
#3 transferring context: 2B 0.0s done
#3 DONE 2.3s

#4 [1/4] FROM docker.io/library/eclipse-temurin:23-jre-alpine@sha256:88593498863c64b43be16e8357a3c70ea475fc20a93bf1e07f4609213a357c87
#4 resolve docker.io/library/eclipse-temurin:23-jre-alpine@sha256:88593498863c64b43be16e8357a3c70ea475fc20a93bf1e07f4609213a357c87 0.5s done
#4 DONE 0.6s

#5 [internal] load build context
#5 ...

#6 [2/4] WORKDIR /app
#6 CACHED

#7 [3/4] RUN apk add --no-cache curl
#7 CACHED

#5 [internal] load build context
#5 transferring context: 4.95MB 3.6s
#5 transferring context: 10.26MB 8.7s
#5 transferring context: 17.37MB 13.8s
#5 transferring context: 25.27MB 18.9s
#5 transferring context: 31.50MB 24.0s
#5 transferring context: 45.20MB 29.1s
#5 transferring context: 53.85MB 34.2s
#5 transferring context: 62.18MB 39.3s
#5 transferring context: 73.71MB 44.3s
#5 transferring context: 82.14MB 49.4s
#5 transferring context: 85.90MB 52.2s done
#5 DONE 53.2s

#8 [4/4] COPY medicine-service/build/libs/medicine-service-*.jar ./app.jar
#8 DONE 4.1s

#9 exporting to image
#9 exporting layers
#9 exporting layers 42.4s done
#9 exporting manifest sha256:1c1f096d296603402033ba73705919109cf3eb4b482f7dc4a317c4f7a89e75f2 0.1s done
#9 exporting config sha256:6f292830c64a6bf964f798328148e169218a9d3df0f6885abf2ec59c30d238c9
#9 exporting config sha256:6f292830c64a6bf964f798328148e169218a9d3df0f6885abf2ec59c30d238c9 0.1s done
#9 exporting attestation manifest sha256:15504430c1d799593d285bf662df80f0442021c71202ec6e930e3faee069a5a7
#9 exporting attestation manifest sha256:15504430c1d799593d285bf662df80f0442021c71202ec6e930e3faee069a5a7 0.4s done
#9 exporting manifest list sha256:91ef268bef493f5c04068f374cfcdc9a1d18dfb594ddfa6a6be296f70d8409de
#9 exporting manifest list sha256:91ef268bef493f5c04068f374cfcdc9a1d18dfb594ddfa6a6be296f70d8409de 0.1s done
#9 naming to docker.io/dnhphong2005/medicine-service:latest
#9 naming to docker.io/dnhphong2005/medicine-service:latest 0.0s done
#9 unpacking to docker.io/dnhphong2005/medicine-service:latest
#9 unpacking to docker.io/dnhphong2005/medicine-service:latest 9.8s done
#9 DONE 53.4s
