#0 building with "desktop-linux" instance using docker driver

#1 [internal] load build definition from Dockerfile.fast
#1 transferring dockerfile: 516B 0.1s done
#1 DONE 0.2s

#2 [internal] load metadata for docker.io/library/eclipse-temurin:23-jre-alpine
#2 ...

#3 [auth] library/eclipse-temurin:pull token for registry-1.docker.io
#3 DONE 0.0s

#2 [internal] load metadata for docker.io/library/eclipse-temurin:23-jre-alpine
#2 DONE 6.9s

#4 [internal] load .dockerignore
#4 transferring context:
#4 transferring context: 2B 0.2s done
#4 DONE 2.0s

#5 [1/4] FROM docker.io/library/eclipse-temurin:23-jre-alpine@sha256:88593498863c64b43be16e8357a3c70ea475fc20a93bf1e07f4609213a357c87
#5 resolve docker.io/library/eclipse-temurin:23-jre-alpine@sha256:88593498863c64b43be16e8357a3c70ea475fc20a93bf1e07f4609213a357c87 0.5s done
#5 DONE 0.6s

#6 [internal] load build context
#6 ...

#7 [2/4] WORKDIR /app
#7 CACHED

#8 [3/4] RUN apk add --no-cache curl
#8 CACHED

#6 [internal] load build context
#6 transferring context: 5.90MB 3.4s
#6 transferring context: 11.93MB 8.6s
#6 transferring context: 19.63MB 13.7s
#6 transferring context: 28.09MB 18.8s
#6 transferring context: 34.58MB 23.9s
#6 transferring context: 46.57MB 29.0s
#6 transferring context: 55.13MB 34.1s
#6 transferring context: 63.36MB 39.2s
#6 transferring context: 75.45MB 44.3s
#6 transferring context: 84.43MB 49.5s
#6 transferring context: 85.92MB 50.5s done
#6 DONE 51.5s

#9 [4/4] COPY hr-service/build/libs/hr-service-*.jar ./app.jar
#9 DONE 5.0s

#10 exporting to image
#10 exporting layers
#10 exporting layers 43.1s done
#10 exporting manifest sha256:e7db6413b73a2b3abf2117cc178b5a04544232eb2694156b8342c03e4f88e781
#10 exporting manifest sha256:e7db6413b73a2b3abf2117cc178b5a04544232eb2694156b8342c03e4f88e781 0.1s done
#10 exporting config sha256:256fe505b3a4d5cb5bf90bb48a18e20b063c1c24abdad7a74309871806995c3c 0.1s done
#10 exporting attestation manifest sha256:c3b98bfb7d052c7384b30a5d4544558ec8354c004418ac072381ba92170b6e79
#10 exporting attestation manifest sha256:c3b98bfb7d052c7384b30a5d4544558ec8354c004418ac072381ba92170b6e79 0.3s done
#10 exporting manifest list sha256:9f64fd418a3fd252f9750722954364f21245c52fbb16ab1e4844c06d7c0686f0
#10 exporting manifest list sha256:9f64fd418a3fd252f9750722954364f21245c52fbb16ab1e4844c06d7c0686f0 0.2s done
#10 naming to docker.io/dnhphong2005/hr-service:latest
#10 naming to docker.io/dnhphong2005/hr-service:latest 0.1s done
#10 unpacking to docker.io/dnhphong2005/hr-service:latest
#10 unpacking to docker.io/dnhphong2005/hr-service:latest 10.2s done
#10 DONE 54.5s
