#0 building with "desktop-linux" instance using docker driver

#1 [internal] load build definition from Dockerfile.fast
#1 transferring dockerfile:
#1 transferring dockerfile: 516B 0.0s done
#1 DONE 0.7s

#2 [internal] load metadata for docker.io/library/eclipse-temurin:23-jre-alpine
#2 ...

#3 [auth] library/eclipse-temurin:pull token for registry-1.docker.io
#3 DONE 0.0s

#2 [internal] load metadata for docker.io/library/eclipse-temurin:23-jre-alpine
#2 DONE 4.9s

#4 [internal] load .dockerignore
#4 transferring context: 2B done
#4 DONE 0.0s

#5 [1/4] FROM docker.io/library/eclipse-temurin:23-jre-alpine@sha256:88593498863c64b43be16e8357a3c70ea475fc20a93bf1e07f4609213a357c87
#5 resolve docker.io/library/eclipse-temurin:23-jre-alpine@sha256:88593498863c64b43be16e8357a3c70ea475fc20a93bf1e07f4609213a357c87 0.1s done
#5 DONE 0.1s

#6 [internal] load build context
#6 transferring context: 4.79MB 5.0s
#6 transferring context: 13.83MB 10.1s
#6 transferring context: 20.19MB 15.1s
#6 transferring context: 32.78MB 20.2s
#6 transferring context: 43.92MB 25.3s
#6 ...

#7 [2/4] WORKDIR /app
#7 CACHED

#8 [3/4] RUN apk add --no-cache curl
#8 CACHED

#6 [internal] load build context
#6 transferring context: 50.31MB 30.3s
#6 transferring context: 62.34MB 35.5s
#6 transferring context: 71.81MB 40.5s
#6 transferring context: 85.90MB 44.9s done
#6 DONE 45.6s

#9 [4/4] COPY medicine-service/build/libs/medicine-service-*.jar ./app.jar
#9 DONE 13.7s

#10 exporting to image
#10 exporting layers
#10 exporting layers 19.9s done
#10 exporting manifest sha256:1e10052f30f928f1fe479b95d59a384e97114e7870825dde0279be93adb5a6f6
#10 exporting manifest sha256:1e10052f30f928f1fe479b95d59a384e97114e7870825dde0279be93adb5a6f6 0.1s done
#10 exporting config sha256:975c3a0c57e1c28392efe6de4251c1b5b63f498a5a529d883465b291f4e92d13 0.1s done
#10 exporting attestation manifest sha256:17df683b46a70c30475fdffa4be3bd7f960351fcffbe49ab11d264dcf39fc24c 0.1s done
#10 exporting manifest list sha256:fb0079a6f9351bb6502cf51d50fac8d4220fab6ecd7920d34dc73b762c506822
#10 exporting manifest list sha256:fb0079a6f9351bb6502cf51d50fac8d4220fab6ecd7920d34dc73b762c506822 0.0s done
#10 naming to docker.io/dnhphong2005/medicine-service:latest 0.0s done
#10 unpacking to docker.io/dnhphong2005/medicine-service:latest
#10 unpacking to docker.io/dnhphong2005/medicine-service:latest 11.7s done
#10 DONE 32.1s
