#0 building with "desktop-linux" instance using docker driver

#1 [internal] load build definition from Dockerfile.fast
#1 transferring dockerfile:
#1 transferring dockerfile: 516B 0.0s done
#1 DONE 3.1s

#2 [internal] load metadata for docker.io/library/eclipse-temurin:23-jre-alpine
#2 DONE 3.6s

#3 [internal] load .dockerignore
#3 transferring context:
#3 transferring context: 2B 0.0s done
#3 DONE 2.1s

#4 [1/4] FROM docker.io/library/eclipse-temurin:23-jre-alpine@sha256:88593498863c64b43be16e8357a3c70ea475fc20a93bf1e07f4609213a357c87
#4 resolve docker.io/library/eclipse-temurin:23-jre-alpine@sha256:88593498863c64b43be16e8357a3c70ea475fc20a93bf1e07f4609213a357c87 0.5s done
#4 DONE 0.6s

#5 [internal] load build context
#5 transferring context: 2B 0.1s done
#5 DONE 0.9s

#6 [2/4] WORKDIR /app
#6 CACHED

#7 [3/4] RUN apk add --no-cache curl
#7 CACHED

#8 [4/4] COPY discovery-service/build/libs/discovery-service-*.jar ./app.jar
#8 ERROR: lstat /discovery-service/build/libs: no such file or directory
------
 > [4/4] COPY discovery-service/build/libs/discovery-service-*.jar ./app.jar:
------
Dockerfile.fast:14
--------------------
  12 |     
  13 |     # Copy pre-built JARs from host (already built via gradlew)
  14 | >>> COPY ${SERVICE}/build/libs/${SERVICE}-*.jar ./app.jar
  15 |     
  16 |     ENTRYPOINT ["java", "-jar", "/app/app.jar"]
--------------------
ERROR: failed to build: failed to solve: lstat /discovery-service/build/libs: no such file or directory
