#0 building with "desktop-linux" instance using docker driver

#1 [internal] load build definition from Dockerfile.fast
#1 transferring dockerfile:
#1 transferring dockerfile: 516B 0.1s done
#1 DONE 2.6s

#2 [internal] load metadata for docker.io/library/eclipse-temurin:23-jre-alpine
#2 DONE 4.2s

#3 [internal] load .dockerignore
#3 transferring context:
#3 transferring context: 2B 0.0s done
#3 DONE 2.1s

#4 [1/4] FROM docker.io/library/eclipse-temurin:23-jre-alpine@sha256:88593498863c64b43be16e8357a3c70ea475fc20a93bf1e07f4609213a357c87
#4 resolve docker.io/library/eclipse-temurin:23-jre-alpine@sha256:88593498863c64b43be16e8357a3c70ea475fc20a93bf1e07f4609213a357c87 0.5s done
#4 DONE 0.6s

#5 [internal] load build context
#5 ...

#6 [2/4] WORKDIR /app
#6 CACHED

#7 [3/4] RUN apk add --no-cache curl
#7 CACHED

#5 [internal] load build context
#5 transferring context: 5.74MB 3.4s
#5 transferring context: 11.08MB 8.5s
#5 transferring context: 18.13MB 13.6s
#5 transferring context: 25.89MB 18.7s
#5 transferring context: 31.27MB 23.7s
#5 transferring context: 41.72MB 28.7s
#5 transferring context: 49.72MB 33.8s
#5 transferring context: 56.96MB 38.9s
#5 transferring context: 67.39MB 43.9s
#5 transferring context: 75.78MB 49.0s
#5 transferring context: 81.74MB 54.1s
#5 transferring context: 86.17MB 59.1s
#5 transferring context: 90.59MB 64.2s
#5 transferring context: 92.53MB 65.2s done
#5 DONE 66.2s

#8 [4/4] COPY medical-exam-service/build/libs/medical-exam-service-*.jar ./app.jar
#8 DONE 14.6s

#9 exporting to image
#9 exporting layers
#9 exporting layers 36.1s done
#9 exporting manifest sha256:163e63e3ed9d366cfb9989c3a35e885e05dfaa90a90fd89977cdc3faf5d69f7c
#9 exporting manifest sha256:163e63e3ed9d366cfb9989c3a35e885e05dfaa90a90fd89977cdc3faf5d69f7c 0.2s done
#9 exporting config sha256:8aed6caf3946dc1bae2b0686c2f141225d32011ff2c4ac70349c0af1e20c0661
#9 exporting config sha256:8aed6caf3946dc1bae2b0686c2f141225d32011ff2c4ac70349c0af1e20c0661 0.2s done
#9 exporting attestation manifest sha256:101c0aa44252411b1c014596fd4301ff281d3c2924652d5f8c579fa5fdb91b66
#9 exporting attestation manifest sha256:101c0aa44252411b1c014596fd4301ff281d3c2924652d5f8c579fa5fdb91b66 0.1s done
#9 exporting manifest list sha256:7ee914122379ffbbb3d6c6bb58c7904a067d70c2b37904d0f91704733c16543a 0.1s done
#9 naming to docker.io/dnhphong2005/medical-exam-service:latest
#9 naming to docker.io/dnhphong2005/medical-exam-service:latest 0.0s done
#9 unpacking to docker.io/dnhphong2005/medical-exam-service:latest
#9 unpacking to docker.io/dnhphong2005/medical-exam-service:latest 11.5s done
#9 DONE 48.8s
